Removed Member From Class: ClassName=power section Member=C37
Removed Member From Class: ClassName=power section Member=C39
Removed Member From Class: ClassName=connections Member=C45
Removed Member From Class: ClassName=connections Member=C47
Removed Member From Class: ClassName=power section Member=R33
Removed Member From Class: ClassName=power section Member=R34
Removed Member From Class: ClassName=connections Member=R51
Removed Member From Class: ClassName=connections Member=R52
Added Pin To Net: NetName=NetC25_2 Pin=C25-2
Added Pin To Net: NetName=NetC25_2 Pin=U6-7
Added Net: Name=NetC25_2
Added Pin To Net: NetName=NetC27_1 Pin=C27-1
Added Pin To Net: NetName=NetC27_1 Pin=R30-2
Added Net: Name=NetC27_1
Added Pin To Net: NetName=NetC32_1 Pin=C32-1
Added Pin To Net: NetName=NetC32_1 Pin=R28-1
Added Pin To Net: NetName=NetC32_1 Pin=R31-2
Added Pin To Net: NetName=NetC32_1 Pin=U6-5
Added Net: Name=NetC32_1
Added Pin To Net: NetName=NetR27_2 Pin=R27-2
Added Pin To Net: NetName=NetR27_2 Pin=U6-6
Added Net: Name=NetR27_2
Added Member To Class: ClassName=power section Member=Component C25 1µF
Added Member To Class: ClassName=power section Member=Component C26 10nF
Added Member To Class: ClassName=power section Member=Component C27 22µF
Added Member To Class: ClassName=power section Member=Component C28 2.2µF
Added Member To Class: ClassName=power section Member=Component C29 0.1µF
Added Member To Class: ClassName=power section Member=Component C32 22nF
Added Member To Class: ClassName=power section Member=Component C33 10µF
Added Member To Class: ClassName=connections Member=Component C34 0.1µF
Added Member To Class: ClassName=connections Member=Component C36 0.1µF
Added Member To Class: ClassName=connections Member=Component C38 10000pF
Added Member To Class: ClassName=connections Member=Component C40 0.1µF
Added Member To Class: ClassName=connections Member=Component C42 4.7µF
Added Member To Class: ClassName=connections Member=Component C44 0.33µF
Added Member To Class: ClassName=power section Member=Component D4 SS14
Added Member To Class: ClassName=power section Member=Component R28 1 kOhms
Added Member To Class: ClassName=power section Member=Component R29 133 kOhms
Added Member To Class: ClassName=power section Member=Component R30 220 mOhms
Added Member To Class: ClassName=power section Member=Component R31 1 kOhms
Added Member To Class: ClassName=connections Member=Component R32 1 Ohms
Added Member To Class: ClassName=connections Member=Component R35 1 kOhms
Added Member To Class: ClassName=connections Member=Component R36 1 kOhms
Added Member To Class: ClassName=connections Member=Component R39 100 kOhms
Added Member To Class: ClassName=connections Member=Component R40 100 kOhms
Added Member To Class: ClassName=connections Member=Component R41 100 kOhms
Added Member To Class: ClassName=connections Member=Component R42 3.3 kOhms
Added Member To Class: ClassName=connections Member=Component R43 3.3 kOhms
Added Member To Class: ClassName=connections Member=Component R44 47 kOhms
Added Member To Class: ClassName=connections Member=Component R45 330 Ohms
Added Member To Class: ClassName=connections Member=Component R46 4.7 kOhms
Added Member To Class: ClassName=connections Member=Component R47 10 kOhms
Added Member To Class: ClassName=connections Member=Component R48 47 kOhms
Added Member To Class: ClassName=connections Member=Component R49 10 kOhms
Added Member To Class: ClassName=connections Member=Component R50 10 kOhms
