Removed Pin From Net: NetName=+5 Pin=C27-1
Removed Pin From Net: NetName=GND Pin=C27-2
Removed Pin From Net: NetName=GND Pin=C29-1
Removed Pin From Net: NetName=GND Pin=C30-1
Removed Pin From Net: NetName=+20 Pin=C30-2
Removed Pin From Net: NetName=GND Pin=D5-1
Removed Pin From Net: NetName=+5 Pin=L2-2
Removed Pin From Net: NetName=+20 Pin=R27-2
Removed Pin From Net: NetName=+5 Pin=R28-2
Removed Pin From Net: NetName=GND Pin=R29-1
Removed Pin From Net: NetName=GND Pin=U6-4
Removed Pin From Net: NetName=+20 Pin=U6-6
Removed Member From Class: ClassName=power section Member=C27
Removed Member From Class: ClassName=power section Member=C29
Removed Member From Class: ClassName=power section Member=C30
Removed Member From Class: ClassName=power section Member=D5
Removed Member From Class: ClassName=power section Member=L2
Removed Member From Class: ClassName=power section Member=R27
Removed Member From Class: ClassName=power section Member=R28
Removed Member From Class: ClassName=power section Member=R29
Removed Member From Class: ClassName=power section Member=U6
